<?xml version="1.0" encoding="UTF-8"?>
<testng-results ignored="0" total="1" passed="1" failed="0" skipped="0">
  <reporter-output>
  </reporter-output>
  <suite started-at="2021-01-10T18:28:19 IST" name="Default suite" finished-at="2021-01-10T18:28:19 IST" duration-ms="77">
    <groups>
    </groups>
    <test started-at="2021-01-10T18:28:19 IST" name="Default test" finished-at="2021-01-10T18:28:19 IST" duration-ms="77">
      <class name="TestCalculate">
        <test-method is-config="true" signature="init()[pri:0, instance:TestCalculate@2898ac89]" started-at="2021-01-10T18:28:19 IST" name="init" finished-at="2021-01-10T18:28:19 IST" duration-ms="13" status="PASS">
          <reporter-output>
          </reporter-output>
        </test-method> <!-- init -->
        <test-method signature="emptyStringReturnsZero()[pri:0, instance:TestCalculate@2898ac89]" started-at="2021-01-10T18:28:19 IST" name="emptyStringReturnsZero" finished-at="2021-01-10T18:28:19 IST" duration-ms="20" status="PASS">
          <reporter-output>
          </reporter-output>
        </test-method> <!-- emptyStringReturnsZero -->
      </class> <!-- TestCalculate -->
    </test> <!-- Default test -->
  </suite> <!-- Default suite -->
</testng-results>
