<?xml version="1.0" encoding="UTF-8"?>
<testng-results ignored="0" total="3" passed="3" failed="0" skipped="0">
  <reporter-output>
  </reporter-output>
  <suite started-at="2021-01-10T19:00:44 IST" name="Default suite" finished-at="2021-01-10T19:00:45 IST" duration-ms="114">
    <groups>
    </groups>
    <test started-at="2021-01-10T19:00:44 IST" name="Default test" finished-at="2021-01-10T19:00:45 IST" duration-ms="114">
      <class name="TestCalculate">
        <test-method is-config="true" signature="init()[pri:0, instance:TestCalculate@68267da0]" started-at="2021-01-10T19:00:44 IST" name="init" finished-at="2021-01-10T19:00:45 IST" duration-ms="11" status="PASS">
          <reporter-output>
          </reporter-output>
        </test-method> <!-- init -->
        <test-method signature="emptyStringReturnsZero()[pri:0, instance:TestCalculate@68267da0]" started-at="2021-01-10T19:00:45 IST" name="emptyStringReturnsZero" finished-at="2021-01-10T19:00:45 IST" duration-ms="39" status="PASS">
          <reporter-output>
          </reporter-output>
        </test-method> <!-- emptyStringReturnsZero -->
        <test-method signature="singleValueIsReplied()[pri:0, instance:TestCalculate@68267da0]" started-at="2021-01-10T19:00:45 IST" name="singleValueIsReplied" finished-at="2021-01-10T19:00:45 IST" duration-ms="10" status="PASS">
          <reporter-output>
          </reporter-output>
        </test-method> <!-- singleValueIsReplied -->
        <test-method signature="twoNumbersCommaDelimitersReturnSum()[pri:0, instance:TestCalculate@68267da0]" started-at="2021-01-10T19:00:45 IST" name="twoNumbersCommaDelimitersReturnSum" finished-at="2021-01-10T19:00:45 IST" duration-ms="2" status="PASS">
          <reporter-output>
          </reporter-output>
        </test-method> <!-- twoNumbersCommaDelimitersReturnSum -->
      </class> <!-- TestCalculate -->
    </test> <!-- Default test -->
  </suite> <!-- Default suite -->
</testng-results>
