<?xml version="1.0" encoding="UTF-8"?>
<testng-results ignored="0" total="2" passed="2" failed="0" skipped="0">
  <reporter-output>
  </reporter-output>
  <suite started-at="2021-01-10T18:39:22 IST" name="Default suite" finished-at="2021-01-10T18:39:22 IST" duration-ms="76">
    <groups>
    </groups>
    <test started-at="2021-01-10T18:39:22 IST" name="Default test" finished-at="2021-01-10T18:39:22 IST" duration-ms="76">
      <class name="TestCalculate">
        <test-method is-config="true" signature="init()[pri:0, instance:TestCalculate@683dbc2c]" started-at="2021-01-10T18:39:22 IST" name="init" finished-at="2021-01-10T18:39:22 IST" duration-ms="9" status="PASS">
          <reporter-output>
          </reporter-output>
        </test-method> <!-- init -->
        <test-method signature="emptyStringReturnsZero()[pri:0, instance:TestCalculate@683dbc2c]" started-at="2021-01-10T18:39:22 IST" name="emptyStringReturnsZero" finished-at="2021-01-10T18:39:22 IST" duration-ms="21" status="PASS">
          <reporter-output>
          </reporter-output>
        </test-method> <!-- emptyStringReturnsZero -->
        <test-method signature="singleValueIsReplied()[pri:0, instance:TestCalculate@683dbc2c]" started-at="2021-01-10T18:39:22 IST" name="singleValueIsReplied" finished-at="2021-01-10T18:39:22 IST" duration-ms="2" status="PASS">
          <reporter-output>
          </reporter-output>
        </test-method> <!-- singleValueIsReplied -->
      </class> <!-- TestCalculate -->
    </test> <!-- Default test -->
  </suite> <!-- Default suite -->
</testng-results>
