<?xml version="1.0" encoding="UTF-8"?>
<!-- Generated by org.testng.reporters.JUnitXMLReporter -->
<testsuite ignored="0" hostname="chirag-inspiron3558" failures="0" tests="4" name="Default test" time="0.082" errors="0" timestamp="2021-01-10T19:48:23 IST">
  <testcase classname="TestCalculate" name="emptyStringReturnsZero" time="0.018"/>
  <testcase classname="TestCalculate" name="singleValueIsReplied" time="0.002"/>
  <testcase classname="TestCalculate" name="twoNumbersCommaDelimitersReturnSum" time="0.002"/>
  <testcase classname="TestCalculate" name="twoNumbersNewLineDelimitersReturnSum" time="0.003"/>
</testsuite> <!-- Default test -->
