<?xml version="1.0" encoding="UTF-8"?>
<!-- Generated by org.testng.reporters.JUnitXMLReporter -->
<testsuite ignored="5" hostname="chirag-inspiron3558" failures="0" tests="1" name="Default test" time="0.06" errors="0" timestamp="2021-01-10T20:34:36 IST">
  <testcase classname="TestCalculate" name="negativeInputReturnsException" time="0.017"/>
  <testcase classname="TestCalculate" name="twoNumbersNewLineDelimitersReturnSum" time="0.0">
    <ignored/>
  </testcase> <!-- twoNumbersNewLineDelimitersReturnSum -->
  <testcase classname="TestCalculate" name="threeNumbersCommaDelimitersBothWaysReturnSum" time="0.0">
    <ignored/>
  </testcase> <!-- threeNumbersCommaDelimitersBothWaysReturnSum -->
  <testcase classname="TestCalculate" name="emptyStringReturnsZero" time="0.0">
    <ignored/>
  </testcase> <!-- emptyStringReturnsZero -->
  <testcase classname="TestCalculate" name="twoNumbersCommaDelimitersReturnSum" time="0.0">
    <ignored/>
  </testcase> <!-- twoNumbersCommaDelimitersReturnSum -->
  <testcase classname="TestCalculate" name="singleValueIsReplied" time="0.0">
    <ignored/>
  </testcase> <!-- singleValueIsReplied -->
</testsuite> <!-- Default test -->
